-------------------------------------------------------------------------------
Test set: com.example.books.BooksApplicationTests
-------------------------------------------------------------------------------
Tests run: 1, Failures: 0, Errors: 1, Skipped: 0, Time elapsed: 4.139 s <<< FAILURE! - in com.example.books.BooksApplicationTests
contextLoads  Time elapsed: 0.001 s  <<< ERROR!
java.lang.IllegalStateException: Failed to load ApplicationContext
Caused by: org.springframework.beans.factory.UnsatisfiedDependencyException: Error creating bean with name 'booksResourceImplementation' defined in file [C:\Users\kamba\Desktop\books\target\classes\com\example\books\resource\implementation\BooksResourceImplementation.class]: Unsatisfied dependency expressed through constructor parameter 0; nested exception is org.springframework.beans.factory.UnsatisfiedDependencyException: Error creating bean with name 'booksServiceImplementation' defined in file [C:\Users\kamba\Desktop\books\target\classes\com\example\books\service\implementation\BooksServiceImplementation.class]: Unsatisfied dependency expressed through constructor parameter 1; nested exception is org.springframework.beans.factory.NoSuchBeanDefinitionException: No qualifying bean of type 'com.example.books.mapper.BooksMapper' available: expected at least 1 bean which qualifies as autowire candidate. Dependency annotations: {}
Caused by: org.springframework.beans.factory.UnsatisfiedDependencyException: Error creating bean with name 'booksServiceImplementation' defined in file [C:\Users\kamba\Desktop\books\target\classes\com\example\books\service\implementation\BooksServiceImplementation.class]: Unsatisfied dependency expressed through constructor parameter 1; nested exception is org.springframework.beans.factory.NoSuchBeanDefinitionException: No qualifying bean of type 'com.example.books.mapper.BooksMapper' available: expected at least 1 bean which qualifies as autowire candidate. Dependency annotations: {}
Caused by: org.springframework.beans.factory.NoSuchBeanDefinitionException: No qualifying bean of type 'com.example.books.mapper.BooksMapper' available: expected at least 1 bean which qualifies as autowire candidate. Dependency annotations: {}

